[ 2014-11-07T16:40:06+08:00 ] 0.0.0.0 /TP/relation/
INFO: [ app_begin ] --START--
INFO: Run ReadHtmlCache Behavior [ RunTime:0.000373s ]
INFO: [ app_begin ] --END-- [ RunTime:0.000476s ]
NOTIC: [8192] mysql_connect(): The mysql extension is deprecated and will be removed in the future: use mysqli or PDO instead D:\soft\wamp\www\TP\ThinkPHP\Lib\Driver\Db\DbMysql.class.php 第 55 行.
SQL: SHOW COLUMNS FROM `think_member` [ RunTime:0.001348s ]
ERR: Table 'examples.think_member' doesn't exist
 [ SQL语句 ] : SHOW COLUMNS FROM `think_member`
SQL: INSERT INTO `think_member` (`name`,`dept_id`) VALUES ('thinkphp',1) [ RunTime:0.000173s ]
ERR: Table 'examples.think_member' doesn't exist
 [ SQL语句 ] : INSERT INTO `think_member` (`name`,`dept_id`) VALUES ('thinkphp',1)
NOTIC: [8192] preg_replace(): The /e modifier is deprecated, use preg_replace_callback instead D:\soft\wamp\www\TP\ThinkPHP\Lib\Core\Db.class.php 第 568 行.
SQL: SELECT * FROM `think_member` LIMIT 1   [ RunTime:0.000155s ]
ERR: Table 'examples.think_member' doesn't exist
 [ SQL语句 ] : SELECT * FROM `think_member` LIMIT 1  
NOTIC: [8192] preg_replace(): The /e modifier is deprecated, use preg_replace_callback instead D:\soft\wamp\www\TP\ThinkPHP\Lib\Core\Db.class.php 第 568 行.
SQL: SELECT * FROM `think_member` LIMIT 1   [ RunTime:0.000146s ]
ERR: Table 'examples.think_member' doesn't exist
 [ SQL语句 ] : SELECT * FROM `think_member` LIMIT 1  
NOTIC: [8192] preg_replace(): The /e modifier is deprecated, use preg_replace_callback instead D:\soft\wamp\www\TP\ThinkPHP\Lib\Core\Db.class.php 第 568 行.
SQL: SELECT * FROM `think_member` ORDER BY id desc LIMIT 2   [ RunTime:0.000151s ]
ERR: Table 'examples.think_member' doesn't exist
 [ SQL语句 ] : SELECT * FROM `think_member` ORDER BY id desc LIMIT 2  
NOTIC: [2] Invalid argument supplied for foreach() D:\soft\wamp\www\TP\relation\Lib\Action\IndexAction.class.php 第 41 行.
SQL: UPDATE `think_member` SET `id`=0,`name`='tp',`dept_id`=2 WHERE ( `id` = 0 ) [ RunTime:0.000157s ]
ERR: Table 'examples.think_member' doesn't exist
 [ SQL语句 ] : UPDATE `think_member` SET `id`=0,`name`='tp',`dept_id`=2 WHERE ( `id` = 0 )
NOTIC: [8192] preg_replace(): The /e modifier is deprecated, use preg_replace_callback instead D:\soft\wamp\www\TP\ThinkPHP\Lib\Core\Db.class.php 第 568 行.
SQL: SELECT * FROM `think_member` LIMIT 1   [ RunTime:0.000141s ]
ERR: Table 'examples.think_member' doesn't exist
 [ SQL语句 ] : SELECT * FROM `think_member` LIMIT 1  
INFO: [ view_template ] --START--
INFO: Run LocationTemplate Behavior [ RunTime:0.000629s ]
INFO: [ view_template ] --END-- [ RunTime:0.000720s ]
INFO: [ view_parse ] --START--
NOTIC: [8192] preg_replace(): The /e modifier is deprecated, use preg_replace_callback instead D:\soft\wamp\www\TP\ThinkPHP\Lib\Template\ThinkTemplate.class.php 第 273 行.
NOTIC: [8192] preg_replace(): The /e modifier is deprecated, use preg_replace_callback instead D:\soft\wamp\www\TP\ThinkPHP\Lib\Template\ThinkTemplate.class.php 第 168 行.
NOTIC: [8192] preg_replace(): The /e modifier is deprecated, use preg_replace_callback instead D:\soft\wamp\www\TP\ThinkPHP\Lib\Template\ThinkTemplate.class.php 第 404 行.
NOTIC: [8192] preg_replace(): The /e modifier is deprecated, use preg_replace_callback instead D:\soft\wamp\www\TP\ThinkPHP\Lib\Template\ThinkTemplate.class.php 第 404 行.
NOTIC: [8192] preg_replace(): The /e modifier is deprecated, use preg_replace_callback instead D:\soft\wamp\www\TP\ThinkPHP\Lib\Template\ThinkTemplate.class.php 第 404 行.
NOTIC: [8192] preg_replace(): The /e modifier is deprecated, use preg_replace_callback instead D:\soft\wamp\www\TP\ThinkPHP\Lib\Template\ThinkTemplate.class.php 第 404 行.
NOTIC: [8192] preg_replace(): The /e modifier is deprecated, use preg_replace_callback instead D:\soft\wamp\www\TP\ThinkPHP\Lib\Template\ThinkTemplate.class.php 第 404 行.
NOTIC: [8192] preg_replace(): The /e modifier is deprecated, use preg_replace_callback instead D:\soft\wamp\www\TP\ThinkPHP\Lib\Template\ThinkTemplate.class.php 第 404 行.
NOTIC: [8192] preg_replace(): The /e modifier is deprecated, use preg_replace_callback instead D:\soft\wamp\www\TP\ThinkPHP\Lib\Template\ThinkTemplate.class.php 第 404 行.
NOTIC: [8192] preg_replace(): The /e modifier is deprecated, use preg_replace_callback instead D:\soft\wamp\www\TP\ThinkPHP\Lib\Template\ThinkTemplate.class.php 第 404 行.
NOTIC: [8192] preg_replace(): The /e modifier is deprecated, use preg_replace_callback instead D:\soft\wamp\www\TP\ThinkPHP\Lib\Template\ThinkTemplate.class.php 第 273 行.
NOTIC: [8192] preg_replace(): The /e modifier is deprecated, use preg_replace_callback instead D:\soft\wamp\www\TP\ThinkPHP\Lib\Template\ThinkTemplate.class.php 第 168 行.
NOTIC: [8192] preg_replace(): The /e modifier is deprecated, use preg_replace_callback instead D:\soft\wamp\www\TP\ThinkPHP\Lib\Template\ThinkTemplate.class.php 第 404 行.
NOTIC: [8192] preg_replace(): The /e modifier is deprecated, use preg_replace_callback instead D:\soft\wamp\www\TP\ThinkPHP\Lib\Template\ThinkTemplate.class.php 第 404 行.
NOTIC: [8192] preg_replace(): The /e modifier is deprecated, use preg_replace_callback instead D:\soft\wamp\www\TP\ThinkPHP\Lib\Template\ThinkTemplate.class.php 第 404 行.
NOTIC: [8192] preg_replace(): The /e modifier is deprecated, use preg_replace_callback instead D:\soft\wamp\www\TP\ThinkPHP\Lib\Template\ThinkTemplate.class.php 第 404 行.
NOTIC: [8192] preg_replace(): The /e modifier is deprecated, use preg_replace_callback instead D:\soft\wamp\www\TP\ThinkPHP\Lib\Template\ThinkTemplate.class.php 第 404 行.
NOTIC: [8192] preg_replace(): The /e modifier is deprecated, use preg_replace_callback instead D:\soft\wamp\www\TP\ThinkPHP\Lib\Template\ThinkTemplate.class.php 第 404 行.
NOTIC: [8192] preg_replace(): The /e modifier is deprecated, use preg_replace_callback instead D:\soft\wamp\www\TP\ThinkPHP\Lib\Template\ThinkTemplate.class.php 第 404 行.
NOTIC: [8192] preg_replace(): The /e modifier is deprecated, use preg_replace_callback instead D:\soft\wamp\www\TP\ThinkPHP\Lib\Template\ThinkTemplate.class.php 第 404 行.
NOTIC: [8192] preg_replace(): The /e modifier is deprecated, use preg_replace_callback instead D:\soft\wamp\www\TP\ThinkPHP\Lib\Template\ThinkTemplate.class.php 第 404 行.
NOTIC: [8192] preg_replace(): The /e modifier is deprecated, use preg_replace_callback instead D:\soft\wamp\www\TP\ThinkPHP\Lib\Template\ThinkTemplate.class.php 第 404 行.
NOTIC: [8192] preg_replace(): The /e modifier is deprecated, use preg_replace_callback instead D:\soft\wamp\www\TP\ThinkPHP\Lib\Template\ThinkTemplate.class.php 第 404 行.
NOTIC: [8192] preg_replace(): The /e modifier is deprecated, use preg_replace_callback instead D:\soft\wamp\www\TP\ThinkPHP\Lib\Template\ThinkTemplate.class.php 第 404 行.
NOTIC: [8192] preg_replace(): The /e modifier is deprecated, use preg_replace_callback instead D:\soft\wamp\www\TP\ThinkPHP\Lib\Template\ThinkTemplate.class.php 第 399 行.
NOTIC: [8192] preg_replace(): The /e modifier is deprecated, use preg_replace_callback instead D:\soft\wamp\www\TP\ThinkPHP\Lib\Template\ThinkTemplate.class.php 第 399 行.
NOTIC: [8192] preg_replace(): The /e modifier is deprecated, use preg_replace_callback instead D:\soft\wamp\www\TP\ThinkPHP\Lib\Template\ThinkTemplate.class.php 第 404 行.
NOTIC: [8192] preg_replace(): The /e modifier is deprecated, use preg_replace_callback instead D:\soft\wamp\www\TP\ThinkPHP\Lib\Template\ThinkTemplate.class.php 第 404 行.
NOTIC: [8192] preg_replace(): The /e modifier is deprecated, use preg_replace_callback instead D:\soft\wamp\www\TP\ThinkPHP\Lib\Template\ThinkTemplate.class.php 第 404 行.
NOTIC: [8192] preg_replace(): The /e modifier is deprecated, use preg_replace_callback instead D:\soft\wamp\www\TP\ThinkPHP\Lib\Template\ThinkTemplate.class.php 第 399 行.
NOTIC: [8192] preg_replace(): The /e modifier is deprecated, use preg_replace_callback instead D:\soft\wamp\www\TP\ThinkPHP\Lib\Template\ThinkTemplate.class.php 第 404 行.
NOTIC: [8192] preg_replace(): The /e modifier is deprecated, use preg_replace_callback instead D:\soft\wamp\www\TP\ThinkPHP\Lib\Template\ThinkTemplate.class.php 第 404 行.
NOTIC: [8192] preg_replace(): The /e modifier is deprecated, use preg_replace_callback instead D:\soft\wamp\www\TP\ThinkPHP\Lib\Template\ThinkTemplate.class.php 第 404 行.
NOTIC: [8192] preg_replace(): The /e modifier is deprecated, use preg_replace_callback instead D:\soft\wamp\www\TP\ThinkPHP\Lib\Template\ThinkTemplate.class.php 第 404 行.
NOTIC: [8192] preg_replace(): The /e modifier is deprecated, use preg_replace_callback instead D:\soft\wamp\www\TP\ThinkPHP\Lib\Template\ThinkTemplate.class.php 第 404 行.
NOTIC: [8192] preg_replace(): The /e modifier is deprecated, use preg_replace_callback instead D:\soft\wamp\www\TP\ThinkPHP\Lib\Template\ThinkTemplate.class.php 第 404 行.
NOTIC: [8192] preg_replace(): The /e modifier is deprecated, use preg_replace_callback instead D:\soft\wamp\www\TP\ThinkPHP\Lib\Template\ThinkTemplate.class.php 第 404 行.
NOTIC: [8192] preg_replace(): The /e modifier is deprecated, use preg_replace_callback instead D:\soft\wamp\www\TP\ThinkPHP\Lib\Template\ThinkTemplate.class.php 第 404 行.
NOTIC: [8192] preg_replace(): The /e modifier is deprecated, use preg_replace_callback instead D:\soft\wamp\www\TP\ThinkPHP\Lib\Template\ThinkTemplate.class.php 第 404 行.
NOTIC: [8192] preg_replace(): The /e modifier is deprecated, use preg_replace_callback instead D:\soft\wamp\www\TP\ThinkPHP\Lib\Template\ThinkTemplate.class.php 第 404 行.
NOTIC: [8192] preg_replace(): The /e modifier is deprecated, use preg_replace_callback instead D:\soft\wamp\www\TP\ThinkPHP\Lib\Template\ThinkTemplate.class.php 第 404 行.
NOTIC: [8192] preg_replace(): The /e modifier is deprecated, use preg_replace_callback instead D:\soft\wamp\www\TP\ThinkPHP\Lib\Template\ThinkTemplate.class.php 第 404 行.
NOTIC: [8192] preg_replace(): The /e modifier is deprecated, use preg_replace_callback instead D:\soft\wamp\www\TP\ThinkPHP\Lib\Template\ThinkTemplate.class.php 第 404 行.
NOTIC: [8192] preg_replace(): The /e modifier is deprecated, use preg_replace_callback instead D:\soft\wamp\www\TP\ThinkPHP\Lib\Template\ThinkTemplate.class.php 第 404 行.
NOTIC: [8192] preg_replace(): The /e modifier is deprecated, use preg_replace_callback instead D:\soft\wamp\www\TP\ThinkPHP\Lib\Template\ThinkTemplate.class.php 第 404 行.
NOTIC: [8192] preg_replace(): The /e modifier is deprecated, use preg_replace_callback instead D:\soft\wamp\www\TP\ThinkPHP\Lib\Template\ThinkTemplate.class.php 第 404 行.
NOTIC: [8192] preg_replace(): The /e modifier is deprecated, use preg_replace_callback instead D:\soft\wamp\www\TP\ThinkPHP\Lib\Template\ThinkTemplate.class.php 第 404 行.
NOTIC: [8192] preg_replace(): The /e modifier is deprecated, use preg_replace_callback instead D:\soft\wamp\www\TP\ThinkPHP\Lib\Template\ThinkTemplate.class.php 第 404 行.
NOTIC: [8192] preg_replace(): The /e modifier is deprecated, use preg_replace_callback instead D:\soft\wamp\www\TP\ThinkPHP\Lib\Template\ThinkTemplate.class.php 第 404 行.
NOTIC: [8192] preg_replace(): The /e modifier is deprecated, use preg_replace_callback instead D:\soft\wamp\www\TP\ThinkPHP\Lib\Template\ThinkTemplate.class.php 第 404 行.
NOTIC: [8192] preg_replace(): The /e modifier is deprecated, use preg_replace_callback instead D:\soft\wamp\www\TP\ThinkPHP\Lib\Template\ThinkTemplate.class.php 第 404 行.
NOTIC: [8192] preg_replace(): The /e modifier is deprecated, use preg_replace_callback instead D:\soft\wamp\www\TP\ThinkPHP\Lib\Template\ThinkTemplate.class.php 第 404 行.
NOTIC: [8192] preg_replace(): The /e modifier is deprecated, use preg_replace_callback instead D:\soft\wamp\www\TP\ThinkPHP\Lib\Template\ThinkTemplate.class.php 第 404 行.
NOTIC: [8192] preg_replace(): The /e modifier is deprecated, use preg_replace_callback instead D:\soft\wamp\www\TP\ThinkPHP\Lib\Template\ThinkTemplate.class.php 第 404 行.
NOTIC: [8192] preg_replace(): The /e modifier is deprecated, use preg_replace_callback instead D:\soft\wamp\www\TP\ThinkPHP\Lib\Template\ThinkTemplate.class.php 第 404 行.
NOTIC: [8192] preg_replace(): The /e modifier is deprecated, use preg_replace_callback instead D:\soft\wamp\www\TP\ThinkPHP\Lib\Template\ThinkTemplate.class.php 第 404 行.
NOTIC: [8192] preg_replace(): The /e modifier is deprecated, use preg_replace_callback instead D:\soft\wamp\www\TP\ThinkPHP\Lib\Template\ThinkTemplate.class.php 第 404 行.
NOTIC: [8192] preg_replace(): The /e modifier is deprecated, use preg_replace_callback instead D:\soft\wamp\www\TP\ThinkPHP\Lib\Template\ThinkTemplate.class.php 第 404 行.
NOTIC: [8192] preg_replace(): The /e modifier is deprecated, use preg_replace_callback instead D:\soft\wamp\www\TP\ThinkPHP\Lib\Template\ThinkTemplate.class.php 第 404 行.
NOTIC: [8192] preg_replace(): The /e modifier is deprecated, use preg_replace_callback instead D:\soft\wamp\www\TP\ThinkPHP\Lib\Template\ThinkTemplate.class.php 第 404 行.
NOTIC: [8192] preg_replace(): The /e modifier is deprecated, use preg_replace_callback instead D:\soft\wamp\www\TP\ThinkPHP\Lib\Template\ThinkTemplate.class.php 第 404 行.
NOTIC: [8192] preg_replace(): The /e modifier is deprecated, use preg_replace_callback instead D:\soft\wamp\www\TP\ThinkPHP\Lib\Template\ThinkTemplate.class.php 第 404 行.
NOTIC: [8192] preg_replace(): The /e modifier is deprecated, use preg_replace_callback instead D:\soft\wamp\www\TP\ThinkPHP\Lib\Template\ThinkTemplate.class.php 第 404 行.
NOTIC: [8192] preg_replace(): The /e modifier is deprecated, use preg_replace_callback instead D:\soft\wamp\www\TP\ThinkPHP\Lib\Template\ThinkTemplate.class.php 第 404 行.
NOTIC: [8192] preg_replace(): The /e modifier is deprecated, use preg_replace_callback instead D:\soft\wamp\www\TP\ThinkPHP\Lib\Template\ThinkTemplate.class.php 第 404 行.
NOTIC: [8192] preg_replace(): The /e modifier is deprecated, use preg_replace_callback instead D:\soft\wamp\www\TP\ThinkPHP\Lib\Template\ThinkTemplate.class.php 第 404 行.
NOTIC: [8192] preg_replace(): The /e modifier is deprecated, use preg_replace_callback instead D:\soft\wamp\www\TP\ThinkPHP\Lib\Template\ThinkTemplate.class.php 第 404 行.
NOTIC: [8192] preg_replace(): The /e modifier is deprecated, use preg_replace_callback instead D:\soft\wamp\www\TP\ThinkPHP\Lib\Template\ThinkTemplate.class.php 第 404 行.
NOTIC: [8192] preg_replace(): The /e modifier is deprecated, use preg_replace_callback instead D:\soft\wamp\www\TP\ThinkPHP\Lib\Template\ThinkTemplate.class.php 第 404 行.
NOTIC: [8192] preg_replace(): The /e modifier is deprecated, use preg_replace_callback instead D:\soft\wamp\www\TP\ThinkPHP\Lib\Template\ThinkTemplate.class.php 第 404 行.
NOTIC: [8192] preg_replace(): The /e modifier is deprecated, use preg_replace_callback instead D:\soft\wamp\www\TP\ThinkPHP\Lib\Template\ThinkTemplate.class.php 第 404 行.
NOTIC: [8192] preg_replace(): The /e modifier is deprecated, use preg_replace_callback instead D:\soft\wamp\www\TP\ThinkPHP\Lib\Template\ThinkTemplate.class.php 第 404 行.
NOTIC: [8192] preg_replace(): The /e modifier is deprecated, use preg_replace_callback instead D:\soft\wamp\www\TP\ThinkPHP\Lib\Template\ThinkTemplate.class.php 第 404 行.
NOTIC: [8192] preg_replace(): The /e modifier is deprecated, use preg_replace_callback instead D:\soft\wamp\www\TP\ThinkPHP\Lib\Template\ThinkTemplate.class.php 第 404 行.
NOTIC: [8192] preg_replace(): The /e modifier is deprecated, use preg_replace_callback instead D:\soft\wamp\www\TP\ThinkPHP\Lib\Template\ThinkTemplate.class.php 第 404 行.
NOTIC: [8192] preg_replace(): The /e modifier is deprecated, use preg_replace_callback instead D:\soft\wamp\www\TP\ThinkPHP\Lib\Template\ThinkTemplate.class.php 第 404 行.
NOTIC: [8192] preg_replace(): The /e modifier is deprecated, use preg_replace_callback instead D:\soft\wamp\www\TP\ThinkPHP\Lib\Template\ThinkTemplate.class.php 第 404 行.
NOTIC: [8192] preg_replace(): The /e modifier is deprecated, use preg_replace_callback instead D:\soft\wamp\www\TP\ThinkPHP\Lib\Template\ThinkTemplate.class.php 第 404 行.
NOTIC: [8192] preg_replace(): The /e modifier is deprecated, use preg_replace_callback instead D:\soft\wamp\www\TP\ThinkPHP\Lib\Template\ThinkTemplate.class.php 第 404 行.
NOTIC: [8192] preg_replace(): The /e modifier is deprecated, use preg_replace_callback instead D:\soft\wamp\www\TP\ThinkPHP\Lib\Template\ThinkTemplate.class.php 第 404 行.
NOTIC: [8192] preg_replace(): The /e modifier is deprecated, use preg_replace_callback instead D:\soft\wamp\www\TP\ThinkPHP\Lib\Template\ThinkTemplate.class.php 第 404 行.
NOTIC: [8192] preg_replace(): The /e modifier is deprecated, use preg_replace_callback instead D:\soft\wamp\www\TP\ThinkPHP\Lib\Template\ThinkTemplate.class.php 第 404 行.
NOTIC: [8192] preg_replace(): The /e modifier is deprecated, use preg_replace_callback instead D:\soft\wamp\www\TP\ThinkPHP\Lib\Template\ThinkTemplate.class.php 第 404 行.
NOTIC: [8192] preg_replace(): The /e modifier is deprecated, use preg_replace_callback instead D:\soft\wamp\www\TP\ThinkPHP\Lib\Template\ThinkTemplate.class.php 第 404 行.
NOTIC: [8192] preg_replace(): The /e modifier is deprecated, use preg_replace_callback instead D:\soft\wamp\www\TP\ThinkPHP\Lib\Template\ThinkTemplate.class.php 第 404 行.
NOTIC: [8192] preg_replace(): The /e modifier is deprecated, use preg_replace_callback instead D:\soft\wamp\www\TP\ThinkPHP\Lib\Template\ThinkTemplate.class.php 第 404 行.
NOTIC: [8192] preg_replace(): The /e modifier is deprecated, use preg_replace_callback instead D:\soft\wamp\www\TP\ThinkPHP\Lib\Template\ThinkTemplate.class.php 第 404 行.
NOTIC: [8192] preg_replace(): The /e modifier is deprecated, use preg_replace_callback instead D:\soft\wamp\www\TP\ThinkPHP\Lib\Template\ThinkTemplate.class.php 第 404 行.
NOTIC: [8192] preg_replace(): The /e modifier is deprecated, use preg_replace_callback instead D:\soft\wamp\www\TP\ThinkPHP\Lib\Template\ThinkTemplate.class.php 第 404 行.
NOTIC: [8192] preg_replace(): The /e modifier is deprecated, use preg_replace_callback instead D:\soft\wamp\www\TP\ThinkPHP\Lib\Template\ThinkTemplate.class.php 第 404 行.
NOTIC: [8192] preg_replace(): The /e modifier is deprecated, use preg_replace_callback instead D:\soft\wamp\www\TP\ThinkPHP\Lib\Template\ThinkTemplate.class.php 第 404 行.
NOTIC: [8192] preg_replace(): The /e modifier is deprecated, use preg_replace_callback instead D:\soft\wamp\www\TP\ThinkPHP\Lib\Template\ThinkTemplate.class.php 第 404 行.
NOTIC: [8192] preg_replace(): The /e modifier is deprecated, use preg_replace_callback instead D:\soft\wamp\www\TP\ThinkPHP\Lib\Template\ThinkTemplate.class.php 第 404 行.
NOTIC: [8192] preg_replace(): The /e modifier is deprecated, use preg_replace_callback instead D:\soft\wamp\www\TP\ThinkPHP\Lib\Template\ThinkTemplate.class.php 第 404 行.
NOTIC: [8192] preg_replace(): The /e modifier is deprecated, use preg_replace_callback instead D:\soft\wamp\www\TP\ThinkPHP\Lib\Template\ThinkTemplate.class.php 第 404 行.
NOTIC: [8192] preg_replace(): The /e modifier is deprecated, use preg_replace_callback instead D:\soft\wamp\www\TP\ThinkPHP\Lib\Template\ThinkTemplate.class.php 第 404 行.
NOTIC: [8192] preg_replace(): The /e modifier is deprecated, use preg_replace_callback instead D:\soft\wamp\www\TP\ThinkPHP\Lib\Template\ThinkTemplate.class.php 第 399 行.
NOTIC: [8192] preg_replace(): The /e modifier is deprecated, use preg_replace_callback instead D:\soft\wamp\www\TP\ThinkPHP\Lib\Template\ThinkTemplate.class.php 第 399 行.
NOTIC: [8192] preg_replace(): The /e modifier is deprecated, use preg_replace_callback instead D:\soft\wamp\www\TP\ThinkPHP\Lib\Template\ThinkTemplate.class.php 第 399 行.
NOTIC: [8192] preg_replace(): The /e modifier is deprecated, use preg_replace_callback instead D:\soft\wamp\www\TP\ThinkPHP\Lib\Template\ThinkTemplate.class.php 第 399 行.
NOTIC: [8192] preg_replace(): The /e modifier is deprecated, use preg_replace_callback instead D:\soft\wamp\www\TP\ThinkPHP\Lib\Template\ThinkTemplate.class.php 第 399 行.
NOTIC: [8192] preg_replace(): The /e modifier is deprecated, use preg_replace_callback instead D:\soft\wamp\www\TP\ThinkPHP\Lib\Template\ThinkTemplate.class.php 第 399 行.
NOTIC: [8192] preg_replace(): The /e modifier is deprecated, use preg_replace_callback instead D:\soft\wamp\www\TP\ThinkPHP\Lib\Template\ThinkTemplate.class.php 第 404 行.
NOTIC: [8192] preg_replace(): The /e modifier is deprecated, use preg_replace_callback instead D:\soft\wamp\www\TP\ThinkPHP\Lib\Template\ThinkTemplate.class.php 第 404 行.
NOTIC: [8192] preg_replace(): The /e modifier is deprecated, use preg_replace_callback instead D:\soft\wamp\www\TP\ThinkPHP\Lib\Template\ThinkTemplate.class.php 第 404 行.
NOTIC: [8192] preg_replace(): The /e modifier is deprecated, use preg_replace_callback instead D:\soft\wamp\www\TP\ThinkPHP\Lib\Template\ThinkTemplate.class.php 第 197 行.
NOTIC: [8192] preg_replace(): The /e modifier is deprecated, use preg_replace_callback instead D:\soft\wamp\www\TP\ThinkPHP\Lib\Template\ThinkTemplate.class.php 第 404 行.
NOTIC: [8192] preg_replace(): The /e modifier is deprecated, use preg_replace_callback instead D:\soft\wamp\www\TP\ThinkPHP\Lib\Template\ThinkTemplate.class.php 第 404 行.
NOTIC: [8192] preg_replace(): The /e modifier is deprecated, use preg_replace_callback instead D:\soft\wamp\www\TP\ThinkPHP\Lib\Template\ThinkTemplate.class.php 第 404 行.
NOTIC: [8192] preg_replace(): The /e modifier is deprecated, use preg_replace_callback instead D:\soft\wamp\www\TP\ThinkPHP\Lib\Template\ThinkTemplate.class.php 第 404 行.
NOTIC: [8192] preg_replace(): The /e modifier is deprecated, use preg_replace_callback instead D:\soft\wamp\www\TP\ThinkPHP\Lib\Template\ThinkTemplate.class.php 第 399 行.
NOTIC: [8192] preg_replace(): The /e modifier is deprecated, use preg_replace_callback instead D:\soft\wamp\www\TP\ThinkPHP\Lib\Template\ThinkTemplate.class.php 第 399 行.
NOTIC: [8192] preg_replace(): The /e modifier is deprecated, use preg_replace_callback instead D:\soft\wamp\www\TP\ThinkPHP\Lib\Template\ThinkTemplate.class.php 第 404 行.
NOTIC: [8192] preg_replace(): The /e modifier is deprecated, use preg_replace_callback instead D:\soft\wamp\www\TP\ThinkPHP\Lib\Template\ThinkTemplate.class.php 第 404 行.
NOTIC: [8192] preg_replace(): The /e modifier is deprecated, use preg_replace_callback instead D:\soft\wamp\www\TP\ThinkPHP\Lib\Template\ThinkTemplate.class.php 第 404 行.
NOTIC: [8192] preg_replace(): The /e modifier is deprecated, use preg_replace_callback instead D:\soft\wamp\www\TP\ThinkPHP\Lib\Template\ThinkTemplate.class.php 第 399 行.
NOTIC: [8192] preg_replace(): The /e modifier is deprecated, use preg_replace_callback instead D:\soft\wamp\www\TP\ThinkPHP\Lib\Template\ThinkTemplate.class.php 第 404 行.
NOTIC: [8192] preg_replace(): The /e modifier is deprecated, use preg_replace_callback instead D:\soft\wamp\www\TP\ThinkPHP\Lib\Template\ThinkTemplate.class.php 第 404 行.
NOTIC: [8192] preg_replace(): The /e modifier is deprecated, use preg_replace_callback instead D:\soft\wamp\www\TP\ThinkPHP\Lib\Template\ThinkTemplate.class.php 第 404 行.
NOTIC: [8192] preg_replace(): The /e modifier is deprecated, use preg_replace_callback instead D:\soft\wamp\www\TP\ThinkPHP\Lib\Template\ThinkTemplate.class.php 第 404 行.
NOTIC: [8192] preg_replace(): The /e modifier is deprecated, use preg_replace_callback instead D:\soft\wamp\www\TP\ThinkPHP\Lib\Template\ThinkTemplate.class.php 第 404 行.
NOTIC: [8192] preg_replace(): The /e modifier is deprecated, use preg_replace_callback instead D:\soft\wamp\www\TP\ThinkPHP\Lib\Template\ThinkTemplate.class.php 第 404 行.
NOTIC: [8192] preg_replace(): The /e modifier is deprecated, use preg_replace_callback instead D:\soft\wamp\www\TP\ThinkPHP\Lib\Template\ThinkTemplate.class.php 第 404 行.
NOTIC: [8192] preg_replace(): The /e modifier is deprecated, use preg_replace_callback instead D:\soft\wamp\www\TP\ThinkPHP\Lib\Template\ThinkTemplate.class.php 第 404 行.
NOTIC: [8192] preg_replace(): The /e modifier is deprecated, use preg_replace_callback instead D:\soft\wamp\www\TP\ThinkPHP\Lib\Template\ThinkTemplate.class.php 第 404 行.
NOTIC: [8192] preg_replace(): The /e modifier is deprecated, use preg_replace_callback instead D:\soft\wamp\www\TP\ThinkPHP\Lib\Template\ThinkTemplate.class.php 第 404 行.
NOTIC: [8192] preg_replace(): The /e modifier is deprecated, use preg_replace_callback instead D:\soft\wamp\www\TP\ThinkPHP\Lib\Template\ThinkTemplate.class.php 第 404 行.
NOTIC: [8192] preg_replace(): The /e modifier is deprecated, use preg_replace_callback instead D:\soft\wamp\www\TP\ThinkPHP\Lib\Template\ThinkTemplate.class.php 第 404 行.
NOTIC: [8192] preg_replace(): The /e modifier is deprecated, use preg_replace_callback instead D:\soft\wamp\www\TP\ThinkPHP\Lib\Template\ThinkTemplate.class.php 第 404 行.
NOTIC: [8192] preg_replace(): The /e modifier is deprecated, use preg_replace_callback instead D:\soft\wamp\www\TP\ThinkPHP\Lib\Template\ThinkTemplate.class.php 第 404 行.
NOTIC: [8192] preg_replace(): The /e modifier is deprecated, use preg_replace_callback instead D:\soft\wamp\www\TP\ThinkPHP\Lib\Template\ThinkTemplate.class.php 第 404 行.
NOTIC: [8192] preg_replace(): The /e modifier is deprecated, use preg_replace_callback instead D:\soft\wamp\www\TP\ThinkPHP\Lib\Template\ThinkTemplate.class.php 第 404 行.
NOTIC: [8192] preg_replace(): The /e modifier is deprecated, use preg_replace_callback instead D:\soft\wamp\www\TP\ThinkPHP\Lib\Template\ThinkTemplate.class.php 第 404 行.
NOTIC: [8192] preg_replace(): The /e modifier is deprecated, use preg_replace_callback instead D:\soft\wamp\www\TP\ThinkPHP\Lib\Template\ThinkTemplate.class.php 第 404 行.
NOTIC: [8192] preg_replace(): The /e modifier is deprecated, use preg_replace_callback instead D:\soft\wamp\www\TP\ThinkPHP\Lib\Template\ThinkTemplate.class.php 第 404 行.
NOTIC: [8192] preg_replace(): The /e modifier is deprecated, use preg_replace_callback instead D:\soft\wamp\www\TP\ThinkPHP\Lib\Template\ThinkTemplate.class.php 第 404 行.
NOTIC: [8192] preg_replace(): The /e modifier is deprecated, use preg_replace_callback instead D:\soft\wamp\www\TP\ThinkPHP\Lib\Template\ThinkTemplate.class.php 第 404 行.
NOTIC: [8192] preg_replace(): The /e modifier is deprecated, use preg_replace_callback instead D:\soft\wamp\www\TP\ThinkPHP\Lib\Template\ThinkTemplate.class.php 第 404 行.
NOTIC: [8192] preg_replace(): The /e modifier is deprecated, use preg_replace_callback instead D:\soft\wamp\www\TP\ThinkPHP\Lib\Template\ThinkTemplate.class.php 第 404 行.
NOTIC: [8192] preg_replace(): The /e modifier is deprecated, use preg_replace_callback instead D:\soft\wamp\www\TP\ThinkPHP\Lib\Template\ThinkTemplate.class.php 第 404 行.
NOTIC: [8192] preg_replace(): The /e modifier is deprecated, use preg_replace_callback instead D:\soft\wamp\www\TP\ThinkPHP\Lib\Template\ThinkTemplate.class.php 第 404 行.
NOTIC: [8192] preg_replace(): The /e modifier is deprecated, use preg_replace_callback instead D:\soft\wamp\www\TP\ThinkPHP\Lib\Template\ThinkTemplate.class.php 第 404 行.
NOTIC: [8192] preg_replace(): The /e modifier is deprecated, use preg_replace_callback instead D:\soft\wamp\www\TP\ThinkPHP\Lib\Template\ThinkTemplate.class.php 第 404 行.
NOTIC: [8192] preg_replace(): The /e modifier is deprecated, use preg_replace_callback instead D:\soft\wamp\www\TP\ThinkPHP\Lib\Template\ThinkTemplate.class.php 第 404 行.
NOTIC: [8192] preg_replace(): The /e modifier is deprecated, use preg_replace_callback instead D:\soft\wamp\www\TP\ThinkPHP\Lib\Template\ThinkTemplate.class.php 第 404 行.
NOTIC: [8192] preg_replace(): The /e modifier is deprecated, use preg_replace_callback instead D:\soft\wamp\www\TP\ThinkPHP\Lib\Template\ThinkTemplate.class.php 第 404 行.
NOTIC: [8192] preg_replace(): The /e modifier is deprecated, use preg_replace_callback instead D:\soft\wamp\www\TP\ThinkPHP\Lib\Template\ThinkTemplate.class.php 第 404 行.
NOTIC: [8192] preg_replace(): The /e modifier is deprecated, use preg_replace_callback instead D:\soft\wamp\www\TP\ThinkPHP\Lib\Template\ThinkTemplate.class.php 第 404 行.
NOTIC: [8192] preg_replace(): The /e modifier is deprecated, use preg_replace_callback instead D:\soft\wamp\www\TP\ThinkPHP\Lib\Template\ThinkTemplate.class.php 第 404 行.
NOTIC: [8192] preg_replace(): The /e modifier is deprecated, use preg_replace_callback instead D:\soft\wamp\www\TP\ThinkPHP\Lib\Template\ThinkTemplate.class.php 第 404 行.
NOTIC: [8192] preg_replace(): The /e modifier is deprecated, use preg_replace_callback instead D:\soft\wamp\www\TP\ThinkPHP\Lib\Template\ThinkTemplate.class.php 第 404 行.
NOTIC: [8192] preg_replace(): The /e modifier is deprecated, use preg_replace_callback instead D:\soft\wamp\www\TP\ThinkPHP\Lib\Template\ThinkTemplate.class.php 第 404 行.
NOTIC: [8192] preg_replace(): The /e modifier is deprecated, use preg_replace_callback instead D:\soft\wamp\www\TP\ThinkPHP\Lib\Template\ThinkTemplate.class.php 第 404 行.
NOTIC: [8192] preg_replace(): The /e modifier is deprecated, use preg_replace_callback instead D:\soft\wamp\www\TP\ThinkPHP\Lib\Template\ThinkTemplate.class.php 第 404 行.
NOTIC: [8192] preg_replace(): The /e modifier is deprecated, use preg_replace_callback instead D:\soft\wamp\www\TP\ThinkPHP\Lib\Template\ThinkTemplate.class.php 第 404 行.
NOTIC: [8192] preg_replace(): The /e modifier is deprecated, use preg_replace_callback instead D:\soft\wamp\www\TP\ThinkPHP\Lib\Template\ThinkTemplate.class.php 第 404 行.
NOTIC: [8192] preg_replace(): The /e modifier is deprecated, use preg_replace_callback instead D:\soft\wamp\www\TP\ThinkPHP\Lib\Template\ThinkTemplate.class.php 第 404 行.
NOTIC: [8192] preg_replace(): The /e modifier is deprecated, use preg_replace_callback instead D:\soft\wamp\www\TP\ThinkPHP\Lib\Template\ThinkTemplate.class.php 第 404 行.
NOTIC: [8192] preg_replace(): The /e modifier is deprecated, use preg_replace_callback instead D:\soft\wamp\www\TP\ThinkPHP\Lib\Template\ThinkTemplate.class.php 第 404 行.
NOTIC: [8192] preg_replace(): The /e modifier is deprecated, use preg_replace_callback instead D:\soft\wamp\www\TP\ThinkPHP\Lib\Template\ThinkTemplate.class.php 第 404 行.
NOTIC: [8192] preg_replace(): The /e modifier is deprecated, use preg_replace_callback instead D:\soft\wamp\www\TP\ThinkPHP\Lib\Template\ThinkTemplate.class.php 第 404 行.
NOTIC: [8192] preg_replace(): The /e modifier is deprecated, use preg_replace_callback instead D:\soft\wamp\www\TP\ThinkPHP\Lib\Template\ThinkTemplate.class.php 第 404 行.
NOTIC: [8192] preg_replace(): The /e modifier is deprecated, use preg_replace_callback instead D:\soft\wamp\www\TP\ThinkPHP\Lib\Template\ThinkTemplate.class.php 第 404 行.
NOTIC: [8192] preg_replace(): The /e modifier is deprecated, use preg_replace_callback instead D:\soft\wamp\www\TP\ThinkPHP\Lib\Template\ThinkTemplate.class.php 第 404 行.
NOTIC: [8192] preg_replace(): The /e modifier is deprecated, use preg_replace_callback instead D:\soft\wamp\www\TP\ThinkPHP\Lib\Template\ThinkTemplate.class.php 第 404 行.
NOTIC: [8192] preg_replace(): The /e modifier is deprecated, use preg_replace_callback instead D:\soft\wamp\www\TP\ThinkPHP\Lib\Template\ThinkTemplate.class.php 第 404 行.
NOTIC: [8192] preg_replace(): The /e modifier is deprecated, use preg_replace_callback instead D:\soft\wamp\www\TP\ThinkPHP\Lib\Template\ThinkTemplate.class.php 第 404 行.
NOTIC: [8192] preg_replace(): The /e modifier is deprecated, use preg_replace_callback instead D:\soft\wamp\www\TP\ThinkPHP\Lib\Template\ThinkTemplate.class.php 第 404 行.
NOTIC: [8192] preg_replace(): The /e modifier is deprecated, use preg_replace_callback instead D:\soft\wamp\www\TP\ThinkPHP\Lib\Template\ThinkTemplate.class.php 第 404 行.
NOTIC: [8192] preg_replace(): The /e modifier is deprecated, use preg_replace_callback instead D:\soft\wamp\www\TP\ThinkPHP\Lib\Template\ThinkTemplate.class.php 第 404 行.
NOTIC: [8192] preg_replace(): The /e modifier is deprecated, use preg_replace_callback instead D:\soft\wamp\www\TP\ThinkPHP\Lib\Template\ThinkTemplate.class.php 第 404 行.
NOTIC: [8192] preg_replace(): The /e modifier is deprecated, use preg_replace_callback instead D:\soft\wamp\www\TP\ThinkPHP\Lib\Template\ThinkTemplate.class.php 第 404 行.
NOTIC: [8192] preg_replace(): The /e modifier is deprecated, use preg_replace_callback instead D:\soft\wamp\www\TP\ThinkPHP\Lib\Template\ThinkTemplate.class.php 第 404 行.
NOTIC: [8192] preg_replace(): The /e modifier is deprecated, use preg_replace_callback instead D:\soft\wamp\www\TP\ThinkPHP\Lib\Template\ThinkTemplate.class.php 第 404 行.
NOTIC: [8192] preg_replace(): The /e modifier is deprecated, use preg_replace_callback instead D:\soft\wamp\www\TP\ThinkPHP\Lib\Template\ThinkTemplate.class.php 第 404 行.
NOTIC: [8192] preg_replace(): The /e modifier is deprecated, use preg_replace_callback instead D:\soft\wamp\www\TP\ThinkPHP\Lib\Template\ThinkTemplate.class.php 第 404 行.
NOTIC: [8192] preg_replace(): The /e modifier is deprecated, use preg_replace_callback instead D:\soft\wamp\www\TP\ThinkPHP\Lib\Template\ThinkTemplate.class.php 第 404 行.
NOTIC: [8192] preg_replace(): The /e modifier is deprecated, use preg_replace_callback instead D:\soft\wamp\www\TP\ThinkPHP\Lib\Template\ThinkTemplate.class.php 第 404 行.
NOTIC: [8192] preg_replace(): The /e modifier is deprecated, use preg_replace_callback instead D:\soft\wamp\www\TP\ThinkPHP\Lib\Template\ThinkTemplate.class.php 第 404 行.
NOTIC: [8192] preg_replace(): The /e modifier is deprecated, use preg_replace_callback instead D:\soft\wamp\www\TP\ThinkPHP\Lib\Template\ThinkTemplate.class.php 第 404 行.
NOTIC: [8192] preg_replace(): The /e modifier is deprecated, use preg_replace_callback instead D:\soft\wamp\www\TP\ThinkPHP\Lib\Template\ThinkTemplate.class.php 第 404 行.
NOTIC: [8192] preg_replace(): The /e modifier is deprecated, use preg_replace_callback instead D:\soft\wamp\www\TP\ThinkPHP\Lib\Template\ThinkTemplate.class.php 第 404 行.
NOTIC: [8192] preg_replace(): The /e modifier is deprecated, use preg_replace_callback instead D:\soft\wamp\www\TP\ThinkPHP\Lib\Template\ThinkTemplate.class.php 第 399 行.
NOTIC: [8192] preg_replace(): The /e modifier is deprecated, use preg_replace_callback instead D:\soft\wamp\www\TP\ThinkPHP\Lib\Template\ThinkTemplate.class.php 第 399 行.
NOTIC: [8192] preg_replace(): The /e modifier is deprecated, use preg_replace_callback instead D:\soft\wamp\www\TP\ThinkPHP\Lib\Template\ThinkTemplate.class.php 第 399 行.
NOTIC: [8192] preg_replace(): The /e modifier is deprecated, use preg_replace_callback instead D:\soft\wamp\www\TP\ThinkPHP\Lib\Template\ThinkTemplate.class.php 第 399 行.
NOTIC: [8192] preg_replace(): The /e modifier is deprecated, use preg_replace_callback instead D:\soft\wamp\www\TP\ThinkPHP\Lib\Template\ThinkTemplate.class.php 第 399 行.
NOTIC: [8192] preg_replace(): The /e modifier is deprecated, use preg_replace_callback instead D:\soft\wamp\www\TP\ThinkPHP\Lib\Template\ThinkTemplate.class.php 第 399 行.
NOTIC: [8192] preg_replace(): The /e modifier is deprecated, use preg_replace_callback instead D:\soft\wamp\www\TP\ThinkPHP\Lib\Template\ThinkTemplate.class.php 第 404 行.
NOTIC: [8192] preg_replace(): The /e modifier is deprecated, use preg_replace_callback instead D:\soft\wamp\www\TP\ThinkPHP\Lib\Template\ThinkTemplate.class.php 第 404 行.
NOTIC: [8192] preg_replace(): The /e modifier is deprecated, use preg_replace_callback instead D:\soft\wamp\www\TP\ThinkPHP\Lib\Template\ThinkTemplate.class.php 第 404 行.
NOTIC: [8192] preg_replace(): The /e modifier is deprecated, use preg_replace_callback instead D:\soft\wamp\www\TP\ThinkPHP\Lib\Template\ThinkTemplate.class.php 第 197 行.
NOTIC: [8192] preg_replace(): The /e modifier is deprecated, use preg_replace_callback instead D:\soft\wamp\www\TP\ThinkPHP\Lib\Template\ThinkTemplate.class.php 第 137 行.
INFO: Run ParseTemplate Behavior [ RunTime:0.012152s ]
INFO: [ view_parse ] --END-- [ RunTime:0.012247s ]
INFO: [ view_filter ] --START--
INFO: Run ContentReplace Behavior [ RunTime:0.000291s ]
INFO: Run TokenBuild Behavior [ RunTime:0.000388s ]
INFO: Run WriteHtmlCache Behavior [ RunTime:0.000190s ]
INFO: Run ShowRuntime Behavior [ RunTime:0.000404s ]
INFO: [ view_filter ] --END-- [ RunTime:0.001512s ]
INFO: [ view_end ] --START--
INFO: Run ShowPageTrace Behavior [ RunTime:0.000378s ]
INFO: [ view_end ] --END-- [ RunTime:0.000465s ]

